Arguments: 
  C:\Program Files\nodejs\node.exe C:\Users\Dron\AppData\Roaming\npm\node_modules\yarn\bin\yarn.js add nest hw20

PATH: 
  C:\Python27\;C:\Python27\Scripts;C:\Program Files\Common Files\Hypertherm CAM;C:\WINDOWS\system32;C:\WINDOWS;C:\WINDOWS\System32\Wbem;C:\WINDOWS\System32\WindowsPowerShell\v1.0\;C:\Program Files (x86)\Windows Kits\8.1\Windows Performance Toolkit\;C:\Program Files (x86)\Skype\Phone\;C:\WINDOWS\System32\OpenSSH\;C:\Program Files\Microsoft SQL Server\110\Tools\Binn\;C:\WINDOWS\system32;C:\WINDOWS;C:\WINDOWS\System32\Wbem;C:\WINDOWS\System32\WindowsPowerShell\v1.0\;C:\WINDOWS\System32\OpenSSH\;C:\Program Files\NVIDIA Corporation\NVIDIA NvDLISR;C:\Program Files\Git\cmd;C:\ProgramData\chocolatey\bin;C:\Program Files\Intel\WiFi\bin\;C:\Program Files\Common Files\Intel\WirelessCommon\;C:\Program Files\nodejs\;C:\Program Files\MySQL\MySQL Shell 8.0\bin\;C:\Users\Dron\AppData\Local\Microsoft\WindowsApps;C:\Program Files\Intel\WiFi\bin\;C:\Program Files\Common Files\Intel\WirelessCommon\;;C:\Users\Dron\AppData\Local\Programs\Microsoft VS Code\bin;C:\Users\Dron\AppData\Roaming\npm

Yarn version: 
  1.21.1

Node version: 
  13.3.0

Platform: 
  win32 x64

Trace: 
  Error: https://registry.yarnpkg.com/hw20: Not found
      at Request.params.callback [as _callback] (C:\Users\Dron\AppData\Roaming\npm\node_modules\yarn\lib\cli.js:66947:18)
      at Request.self.callback (C:\Users\Dron\AppData\Roaming\npm\node_modules\yarn\lib\cli.js:140665:22)
      at Request.emit (events.js:219:5)
      at Request.<anonymous> (C:\Users\Dron\AppData\Roaming\npm\node_modules\yarn\lib\cli.js:141637:10)
      at Request.emit (events.js:219:5)
      at IncomingMessage.<anonymous> (C:\Users\Dron\AppData\Roaming\npm\node_modules\yarn\lib\cli.js:141559:12)
      at Object.onceWrapper (events.js:308:28)
      at IncomingMessage.emit (events.js:224:7)
      at endReadableNT (_stream_readable.js:1206:12)
      at processTicksAndRejections (internal/process/task_queues.js:84:21)

npm manifest: 
  No manifest

yarn manifest: 
  No manifest

Lockfile: 
  No lockfile
